[DEBUG] 2018-11-19 09:16:42,645 | /opt/bench/erpnext/apps/frappe/frappe/utils/scheduler.py:
Site: anmol.local
Access denied for site anmol.local
[DEBUG] 2018-11-19 09:16:42,757 | /opt/bench/erpnext/apps/frappe/frappe/utils/scheduler.py:
Site: vishal.local
Queued events for site vishal.local
[DEBUG] 2018-11-19 09:17:42,822 | /opt/bench/erpnext/apps/frappe/frappe/utils/scheduler.py:
Site: anmol.local
Access denied for site anmol.local
[DEBUG] 2018-11-19 09:17:42,887 | /opt/bench/erpnext/apps/frappe/frappe/utils/scheduler.py:
Site: vishal.local
Queued events for site vishal.local
[DEBUG] 2018-11-19 09:18:42,951 | /opt/bench/erpnext/apps/frappe/frappe/utils/scheduler.py:
Site: anmol.local
Access denied for site anmol.local
[DEBUG] 2018-11-19 09:18:43,026 | /opt/bench/erpnext/apps/frappe/frappe/utils/scheduler.py:
Site: vishal.local
Queued events for site vishal.local
[DEBUG] 2018-11-19 09:19:43,089 | /opt/bench/erpnext/apps/frappe/frappe/utils/scheduler.py:
Site: anmol.local
Access denied for site anmol.local
[DEBUG] 2018-11-19 09:19:43,201 | /opt/bench/erpnext/apps/frappe/frappe/utils/scheduler.py:
Site: vishal.local
Queued events for site vishal.local
[DEBUG] 2018-11-19 09:20:43,261 | /opt/bench/erpnext/apps/frappe/frappe/utils/scheduler.py:
Site: anmol.local
Access denied for site anmol.local
[DEBUG] 2018-11-19 09:20:43,367 | /opt/bench/erpnext/apps/frappe/frappe/utils/scheduler.py:
Site: vishal.local
Queued events for site vishal.local
[DEBUG] 2018-11-19 09:21:43,433 | /opt/bench/erpnext/apps/frappe/frappe/utils/scheduler.py:
Site: anmol.local
Access denied for site anmol.local
[DEBUG] 2018-11-19 09:21:43,504 | /opt/bench/erpnext/apps/frappe/frappe/utils/scheduler.py:
Site: vishal.local
Queued events for site vishal.local
[DEBUG] 2018-11-19 09:22:43,568 | /opt/bench/erpnext/apps/frappe/frappe/utils/scheduler.py:
Site: anmol.local
Access denied for site anmol.local
[DEBUG] 2018-11-19 09:22:43,619 | /opt/bench/erpnext/apps/frappe/frappe/utils/scheduler.py:
Site: vishal.local
Queued events for site vishal.local
[DEBUG] 2018-11-19 09:23:43,682 | /opt/bench/erpnext/apps/frappe/frappe/utils/scheduler.py:
Site: anmol.local
Access denied for site anmol.local
[DEBUG] 2018-11-19 09:23:43,750 | /opt/bench/erpnext/apps/frappe/frappe/utils/scheduler.py:
Site: vishal.local
Queued events for site vishal.local
[DEBUG] 2018-11-19 09:24:43,809 | /opt/bench/erpnext/apps/frappe/frappe/utils/scheduler.py:
Site: anmol.local
Access denied for site anmol.local
[DEBUG] 2018-11-19 09:24:43,957 | /opt/bench/erpnext/apps/frappe/frappe/utils/scheduler.py:
Site: vishal.local
Queued events for site vishal.local
[DEBUG] 2018-11-19 09:25:44,013 | /opt/bench/erpnext/apps/frappe/frappe/utils/scheduler.py:
Site: anmol.local
Access denied for site anmol.local
[DEBUG] 2018-11-19 09:25:44,065 | /opt/bench/erpnext/apps/frappe/frappe/utils/scheduler.py:
Site: vishal.local
Queued events for site vishal.local
[DEBUG] 2018-11-19 09:26:44,125 | /opt/bench/erpnext/apps/frappe/frappe/utils/scheduler.py:
Site: anmol.local
Access denied for site anmol.local
[DEBUG] 2018-11-19 09:26:44,194 | /opt/bench/erpnext/apps/frappe/frappe/utils/scheduler.py:
Site: vishal.local
Queued events for site vishal.local
[DEBUG] 2018-11-19 09:27:44,254 | /opt/bench/erpnext/apps/frappe/frappe/utils/scheduler.py:
Site: anmol.local
Access denied for site anmol.local
[DEBUG] 2018-11-19 09:27:44,335 | /opt/bench/erpnext/apps/frappe/frappe/utils/scheduler.py:
Site: vishal.local
Queued events for site vishal.local
[DEBUG] 2018-11-19 09:28:44,396 | /opt/bench/erpnext/apps/frappe/frappe/utils/scheduler.py:
Site: anmol.local
Access denied for site anmol.local
[DEBUG] 2018-11-19 09:28:44,493 | /opt/bench/erpnext/apps/frappe/frappe/utils/scheduler.py:
Site: vishal.local
Queued events for site vishal.local
[DEBUG] 2018-11-19 09:29:44,556 | /opt/bench/erpnext/apps/frappe/frappe/utils/scheduler.py:
Site: anmol.local
Access denied for site anmol.local
[DEBUG] 2018-11-19 09:29:44,627 | /opt/bench/erpnext/apps/frappe/frappe/utils/scheduler.py:
Site: vishal.local
Queued events for site vishal.local
[DEBUG] 2018-11-19 09:30:44,694 | /opt/bench/erpnext/apps/frappe/frappe/utils/scheduler.py:
Site: anmol.local
Access denied for site anmol.local
[DEBUG] 2018-11-19 09:30:44,764 | /opt/bench/erpnext/apps/frappe/frappe/utils/scheduler.py:
Site: vishal.local
Queued events for site vishal.local
[DEBUG] 2018-11-19 09:31:44,829 | /opt/bench/erpnext/apps/frappe/frappe/utils/scheduler.py:
Site: anmol.local
Access denied for site anmol.local
[DEBUG] 2018-11-19 09:31:44,908 | /opt/bench/erpnext/apps/frappe/frappe/utils/scheduler.py:
Site: vishal.local
Queued events for site vishal.local
[DEBUG] 2018-11-19 09:32:44,965 | /opt/bench/erpnext/apps/frappe/frappe/utils/scheduler.py:
Site: anmol.local
Access denied for site anmol.local
[DEBUG] 2018-11-19 09:32:45,056 | /opt/bench/erpnext/apps/frappe/frappe/utils/scheduler.py:
Site: vishal.local
Queued events for site vishal.local
[DEBUG] 2018-11-19 09:33:45,116 | /opt/bench/erpnext/apps/frappe/frappe/utils/scheduler.py:
Site: anmol.local
Access denied for site anmol.local
[DEBUG] 2018-11-19 09:33:45,183 | /opt/bench/erpnext/apps/frappe/frappe/utils/scheduler.py:
Site: vishal.local
Queued events for site vishal.local
[DEBUG] 2018-11-19 09:34:45,246 | /opt/bench/erpnext/apps/frappe/frappe/utils/scheduler.py:
Site: anmol.local
Access denied for site anmol.local
[DEBUG] 2018-11-19 09:34:45,323 | /opt/bench/erpnext/apps/frappe/frappe/utils/scheduler.py:
Site: vishal.local
Queued events for site vishal.local
[DEBUG] 2018-11-19 09:35:45,387 | /opt/bench/erpnext/apps/frappe/frappe/utils/scheduler.py:
Site: anmol.local
Access denied for site anmol.local
[DEBUG] 2018-11-19 09:35:45,451 | /opt/bench/erpnext/apps/frappe/frappe/utils/scheduler.py:
Site: vishal.local
Queued events for site vishal.local
[DEBUG] 2018-11-19 09:36:45,511 | /opt/bench/erpnext/apps/frappe/frappe/utils/scheduler.py:
Site: anmol.local
Access denied for site anmol.local
[DEBUG] 2018-11-19 09:36:45,606 | /opt/bench/erpnext/apps/frappe/frappe/utils/scheduler.py:
Site: vishal.local
Queued events for site vishal.local
[DEBUG] 2018-11-19 09:37:45,669 | /opt/bench/erpnext/apps/frappe/frappe/utils/scheduler.py:
Site: anmol.local
Access denied for site anmol.local
[DEBUG] 2018-11-19 09:37:45,718 | /opt/bench/erpnext/apps/frappe/frappe/utils/scheduler.py:
Site: vishal.local
Queued events for site vishal.local
[DEBUG] 2018-11-19 09:38:45,781 | /opt/bench/erpnext/apps/frappe/frappe/utils/scheduler.py:
Site: anmol.local
Access denied for site anmol.local
[DEBUG] 2018-11-19 09:38:45,845 | /opt/bench/erpnext/apps/frappe/frappe/utils/scheduler.py:
Site: vishal.local
Queued events for site vishal.local
[DEBUG] 2018-11-19 09:39:45,901 | /opt/bench/erpnext/apps/frappe/frappe/utils/scheduler.py:
Site: anmol.local
Access denied for site anmol.local
[DEBUG] 2018-11-19 09:39:46,258 | /opt/bench/erpnext/apps/frappe/frappe/utils/scheduler.py:
Site: vishal.local
Queued events for site vishal.local
[DEBUG] 2018-11-19 09:40:46,325 | /opt/bench/erpnext/apps/frappe/frappe/utils/scheduler.py:
Site: anmol.local
Access denied for site anmol.local
[DEBUG] 2018-11-19 09:40:46,428 | /opt/bench/erpnext/apps/frappe/frappe/utils/scheduler.py:
Site: vishal.local
Queued events for site vishal.local
[DEBUG] 2018-11-19 09:41:46,488 | /opt/bench/erpnext/apps/frappe/frappe/utils/scheduler.py:
Site: anmol.local
Access denied for site anmol.local
[DEBUG] 2018-11-19 09:41:46,554 | /opt/bench/erpnext/apps/frappe/frappe/utils/scheduler.py:
Site: vishal.local
Queued events for site vishal.local
[DEBUG] 2018-11-19 09:42:46,613 | /opt/bench/erpnext/apps/frappe/frappe/utils/scheduler.py:
Site: anmol.local
Access denied for site anmol.local
[DEBUG] 2018-11-19 09:42:46,680 | /opt/bench/erpnext/apps/frappe/frappe/utils/scheduler.py:
Site: vishal.local
Queued events for site vishal.local
[DEBUG] 2018-11-19 09:43:46,741 | /opt/bench/erpnext/apps/frappe/frappe/utils/scheduler.py:
Site: anmol.local
Access denied for site anmol.local
[DEBUG] 2018-11-19 09:43:46,812 | /opt/bench/erpnext/apps/frappe/frappe/utils/scheduler.py:
Site: vishal.local
Queued events for site vishal.local
[DEBUG] 2018-11-19 09:44:46,878 | /opt/bench/erpnext/apps/frappe/frappe/utils/scheduler.py:
Site: anmol.local
Access denied for site anmol.local
[DEBUG] 2018-11-19 09:44:46,990 | /opt/bench/erpnext/apps/frappe/frappe/utils/scheduler.py:
Site: vishal.local
Queued events for site vishal.local
[DEBUG] 2018-11-19 09:45:47,050 | /opt/bench/erpnext/apps/frappe/frappe/utils/scheduler.py:
Site: anmol.local
Access denied for site anmol.local
[DEBUG] 2018-11-19 09:45:47,095 | /opt/bench/erpnext/apps/frappe/frappe/utils/scheduler.py:
Site: vishal.local
Queued events for site vishal.local
[DEBUG] 2018-11-19 09:46:47,158 | /opt/bench/erpnext/apps/frappe/frappe/utils/scheduler.py:
Site: anmol.local
Access denied for site anmol.local
[DEBUG] 2018-11-19 09:46:47,220 | /opt/bench/erpnext/apps/frappe/frappe/utils/scheduler.py:
Site: vishal.local
Queued events for site vishal.local
[DEBUG] 2018-11-19 09:47:47,283 | /opt/bench/erpnext/apps/frappe/frappe/utils/scheduler.py:
Site: anmol.local
Access denied for site anmol.local
[DEBUG] 2018-11-19 09:47:47,340 | /opt/bench/erpnext/apps/frappe/frappe/utils/scheduler.py:
Site: vishal.local
Queued events for site vishal.local
[DEBUG] 2018-11-19 09:48:47,401 | /opt/bench/erpnext/apps/frappe/frappe/utils/scheduler.py:
Site: anmol.local
Access denied for site anmol.local
[DEBUG] 2018-11-19 09:48:47,494 | /opt/bench/erpnext/apps/frappe/frappe/utils/scheduler.py:
Site: vishal.local
Queued events for site vishal.local
[DEBUG] 2018-11-19 09:49:47,551 | /opt/bench/erpnext/apps/frappe/frappe/utils/scheduler.py:
Site: anmol.local
Access denied for site anmol.local
[DEBUG] 2018-11-19 09:49:47,608 | /opt/bench/erpnext/apps/frappe/frappe/utils/scheduler.py:
Site: vishal.local
Queued events for site vishal.local
[DEBUG] 2018-11-19 09:50:47,669 | /opt/bench/erpnext/apps/frappe/frappe/utils/scheduler.py:
Site: anmol.local
Access denied for site anmol.local
[DEBUG] 2018-11-19 09:50:47,725 | /opt/bench/erpnext/apps/frappe/frappe/utils/scheduler.py:
Site: vishal.local
Queued events for site vishal.local
[DEBUG] 2018-11-19 09:51:47,783 | /opt/bench/erpnext/apps/frappe/frappe/utils/scheduler.py:
Site: anmol.local
Access denied for site anmol.local
[DEBUG] 2018-11-19 09:51:47,843 | /opt/bench/erpnext/apps/frappe/frappe/utils/scheduler.py:
Site: vishal.local
Queued events for site vishal.local
[DEBUG] 2018-11-19 09:52:47,906 | /opt/bench/erpnext/apps/frappe/frappe/utils/scheduler.py:
Site: anmol.local
Access denied for site anmol.local
[DEBUG] 2018-11-19 09:52:47,996 | /opt/bench/erpnext/apps/frappe/frappe/utils/scheduler.py:
Site: vishal.local
Queued events for site vishal.local
[DEBUG] 2018-11-19 09:53:48,058 | /opt/bench/erpnext/apps/frappe/frappe/utils/scheduler.py:
Site: anmol.local
Access denied for site anmol.local
[DEBUG] 2018-11-19 09:53:48,122 | /opt/bench/erpnext/apps/frappe/frappe/utils/scheduler.py:
Site: vishal.local
Queued events for site vishal.local
[DEBUG] 2018-11-19 09:54:48,185 | /opt/bench/erpnext/apps/frappe/frappe/utils/scheduler.py:
Site: anmol.local
Access denied for site anmol.local
[DEBUG] 2018-11-19 09:54:48,253 | /opt/bench/erpnext/apps/frappe/frappe/utils/scheduler.py:
Site: vishal.local
Queued events for site vishal.local
[DEBUG] 2018-11-19 09:55:48,315 | /opt/bench/erpnext/apps/frappe/frappe/utils/scheduler.py:
Site: anmol.local
Access denied for site anmol.local
[DEBUG] 2018-11-19 09:55:48,384 | /opt/bench/erpnext/apps/frappe/frappe/utils/scheduler.py:
Site: vishal.local
Queued events for site vishal.local
[DEBUG] 2018-11-19 09:56:48,442 | /opt/bench/erpnext/apps/frappe/frappe/utils/scheduler.py:
Site: anmol.local
Access denied for site anmol.local
[DEBUG] 2018-11-19 09:56:48,535 | /opt/bench/erpnext/apps/frappe/frappe/utils/scheduler.py:
Site: vishal.local
Queued events for site vishal.local
[DEBUG] 2018-11-19 09:57:48,598 | /opt/bench/erpnext/apps/frappe/frappe/utils/scheduler.py:
Site: anmol.local
Access denied for site anmol.local
[DEBUG] 2018-11-19 09:57:48,661 | /opt/bench/erpnext/apps/frappe/frappe/utils/scheduler.py:
Site: vishal.local
Queued events for site vishal.local
[DEBUG] 2018-11-19 09:58:48,722 | /opt/bench/erpnext/apps/frappe/frappe/utils/scheduler.py:
Site: anmol.local
Access denied for site anmol.local
[DEBUG] 2018-11-19 09:58:48,884 | /opt/bench/erpnext/apps/frappe/frappe/utils/scheduler.py:
Site: vishal.local
Queued events for site vishal.local
[DEBUG] 2018-11-19 09:59:48,945 | /opt/bench/erpnext/apps/frappe/frappe/utils/scheduler.py:
Site: anmol.local
Access denied for site anmol.local
[DEBUG] 2018-11-19 09:59:49,011 | /opt/bench/erpnext/apps/frappe/frappe/utils/scheduler.py:
Site: vishal.local
Queued events for site vishal.local
[DEBUG] 2018-11-19 10:00:49,073 | /opt/bench/erpnext/apps/frappe/frappe/utils/scheduler.py:
Site: anmol.local
Access denied for site anmol.local
[DEBUG] 2018-11-19 10:00:49,482 | /opt/bench/erpnext/apps/frappe/frappe/utils/scheduler.py:
Site: vishal.local
Queued events for site vishal.local
[DEBUG] 2018-11-19 10:01:49,546 | /opt/bench/erpnext/apps/frappe/frappe/utils/scheduler.py:
Site: anmol.local
Access denied for site anmol.local
[DEBUG] 2018-11-19 10:01:49,612 | /opt/bench/erpnext/apps/frappe/frappe/utils/scheduler.py:
Site: vishal.local
Queued events for site vishal.local
[DEBUG] 2018-11-19 10:02:49,675 | /opt/bench/erpnext/apps/frappe/frappe/utils/scheduler.py:
Site: anmol.local
Access denied for site anmol.local
[DEBUG] 2018-11-19 10:02:49,790 | /opt/bench/erpnext/apps/frappe/frappe/utils/scheduler.py:
Site: vishal.local
Queued events for site vishal.local
[DEBUG] 2018-11-19 10:03:49,858 | /opt/bench/erpnext/apps/frappe/frappe/utils/scheduler.py:
Site: anmol.local
Access denied for site anmol.local
[DEBUG] 2018-11-19 10:03:49,964 | /opt/bench/erpnext/apps/frappe/frappe/utils/scheduler.py:
Site: vishal.local
Queued events for site vishal.local
[DEBUG] 2018-11-19 10:04:50,033 | /opt/bench/erpnext/apps/frappe/frappe/utils/scheduler.py:
Site: anmol.local
Access denied for site anmol.local
[DEBUG] 2018-11-19 10:04:50,124 | /opt/bench/erpnext/apps/frappe/frappe/utils/scheduler.py:
Site: vishal.local
Queued events for site vishal.local
[DEBUG] 2018-11-19 10:05:50,190 | /opt/bench/erpnext/apps/frappe/frappe/utils/scheduler.py:
Site: anmol.local
Access denied for site anmol.local
[DEBUG] 2018-11-19 10:05:50,303 | /opt/bench/erpnext/apps/frappe/frappe/utils/scheduler.py:
Site: vishal.local
Queued events for site vishal.local
[DEBUG] 2018-11-19 10:06:50,368 | /opt/bench/erpnext/apps/frappe/frappe/utils/scheduler.py:
Site: anmol.local
Access denied for site anmol.local
[DEBUG] 2018-11-19 10:06:50,434 | /opt/bench/erpnext/apps/frappe/frappe/utils/scheduler.py:
Site: vishal.local
Queued events for site vishal.local
[DEBUG] 2018-11-19 10:07:50,495 | /opt/bench/erpnext/apps/frappe/frappe/utils/scheduler.py:
Site: anmol.local
Access denied for site anmol.local
[DEBUG] 2018-11-19 10:07:50,550 | /opt/bench/erpnext/apps/frappe/frappe/utils/scheduler.py:
Site: vishal.local
Queued events for site vishal.local
[DEBUG] 2018-11-19 10:08:50,617 | /opt/bench/erpnext/apps/frappe/frappe/utils/scheduler.py:
Site: anmol.local
Access denied for site anmol.local
[DEBUG] 2018-11-19 10:08:50,718 | /opt/bench/erpnext/apps/frappe/frappe/utils/scheduler.py:
Site: vishal.local
Queued events for site vishal.local
[DEBUG] 2018-11-19 10:09:50,784 | /opt/bench/erpnext/apps/frappe/frappe/utils/scheduler.py:
Site: anmol.local
Access denied for site anmol.local
[DEBUG] 2018-11-19 10:09:50,860 | /opt/bench/erpnext/apps/frappe/frappe/utils/scheduler.py:
Site: vishal.local
Queued events for site vishal.local
[DEBUG] 2018-11-19 10:10:50,924 | /opt/bench/erpnext/apps/frappe/frappe/utils/scheduler.py:
Site: anmol.local
Access denied for site anmol.local
[DEBUG] 2018-11-19 10:10:50,987 | /opt/bench/erpnext/apps/frappe/frappe/utils/scheduler.py:
Site: vishal.local
Queued events for site vishal.local
[DEBUG] 2018-11-19 10:11:51,052 | /opt/bench/erpnext/apps/frappe/frappe/utils/scheduler.py:
Site: anmol.local
Access denied for site anmol.local
[DEBUG] 2018-11-19 10:11:51,107 | /opt/bench/erpnext/apps/frappe/frappe/utils/scheduler.py:
Site: vishal.local
Queued events for site vishal.local
[DEBUG] 2018-11-19 10:12:51,171 | /opt/bench/erpnext/apps/frappe/frappe/utils/scheduler.py:
Site: anmol.local
Access denied for site anmol.local
[DEBUG] 2018-11-19 10:12:51,264 | /opt/bench/erpnext/apps/frappe/frappe/utils/scheduler.py:
Site: vishal.local
Queued events for site vishal.local
[DEBUG] 2018-11-19 10:13:51,328 | /opt/bench/erpnext/apps/frappe/frappe/utils/scheduler.py:
Site: anmol.local
Access denied for site anmol.local
[DEBUG] 2018-11-19 10:13:51,385 | /opt/bench/erpnext/apps/frappe/frappe/utils/scheduler.py:
Site: vishal.local
Queued events for site vishal.local
[DEBUG] 2018-11-19 10:14:51,450 | /opt/bench/erpnext/apps/frappe/frappe/utils/scheduler.py:
Site: anmol.local
Access denied for site anmol.local
[DEBUG] 2018-11-19 10:14:51,513 | /opt/bench/erpnext/apps/frappe/frappe/utils/scheduler.py:
Site: vishal.local
Queued events for site vishal.local
[DEBUG] 2018-11-19 10:15:51,579 | /opt/bench/erpnext/apps/frappe/frappe/utils/scheduler.py:
Site: anmol.local
Access denied for site anmol.local
[DEBUG] 2018-11-19 10:15:51,648 | /opt/bench/erpnext/apps/frappe/frappe/utils/scheduler.py:
Site: vishal.local
Queued events for site vishal.local
[DEBUG] 2018-11-19 10:16:51,711 | /opt/bench/erpnext/apps/frappe/frappe/utils/scheduler.py:
Site: anmol.local
Access denied for site anmol.local
[DEBUG] 2018-11-19 10:16:51,829 | /opt/bench/erpnext/apps/frappe/frappe/utils/scheduler.py:
Site: vishal.local
Queued events for site vishal.local
[DEBUG] 2018-11-19 10:17:51,892 | /opt/bench/erpnext/apps/frappe/frappe/utils/scheduler.py:
Site: anmol.local
Access denied for site anmol.local
[DEBUG] 2018-11-19 10:17:51,953 | /opt/bench/erpnext/apps/frappe/frappe/utils/scheduler.py:
Site: vishal.local
Queued events for site vishal.local
[DEBUG] 2018-11-19 10:18:52,011 | /opt/bench/erpnext/apps/frappe/frappe/utils/scheduler.py:
Site: anmol.local
Access denied for site anmol.local
[DEBUG] 2018-11-19 10:18:52,071 | /opt/bench/erpnext/apps/frappe/frappe/utils/scheduler.py:
Site: vishal.local
Queued events for site vishal.local
[DEBUG] 2018-11-19 10:19:52,131 | /opt/bench/erpnext/apps/frappe/frappe/utils/scheduler.py:
Site: anmol.local
Access denied for site anmol.local
[DEBUG] 2018-11-19 10:19:52,197 | /opt/bench/erpnext/apps/frappe/frappe/utils/scheduler.py:
Site: vishal.local
Queued events for site vishal.local
[DEBUG] 2018-11-19 10:20:52,259 | /opt/bench/erpnext/apps/frappe/frappe/utils/scheduler.py:
Site: anmol.local
Access denied for site anmol.local
[DEBUG] 2018-11-19 10:20:52,343 | /opt/bench/erpnext/apps/frappe/frappe/utils/scheduler.py:
Site: vishal.local
Queued events for site vishal.local
[DEBUG] 2018-11-19 10:21:52,403 | /opt/bench/erpnext/apps/frappe/frappe/utils/scheduler.py:
Site: anmol.local
Access denied for site anmol.local
[DEBUG] 2018-11-19 10:21:52,473 | /opt/bench/erpnext/apps/frappe/frappe/utils/scheduler.py:
Site: vishal.local
Queued events for site vishal.local
[DEBUG] 2018-11-19 10:22:52,529 | /opt/bench/erpnext/apps/frappe/frappe/utils/scheduler.py:
Site: anmol.local
Access denied for site anmol.local
[DEBUG] 2018-11-19 10:22:52,599 | /opt/bench/erpnext/apps/frappe/frappe/utils/scheduler.py:
Site: vishal.local
Queued events for site vishal.local
[DEBUG] 2018-11-19 10:23:52,658 | /opt/bench/erpnext/apps/frappe/frappe/utils/scheduler.py:
Site: anmol.local
Access denied for site anmol.local
[DEBUG] 2018-11-19 10:23:52,714 | /opt/bench/erpnext/apps/frappe/frappe/utils/scheduler.py:
Site: vishal.local
Queued events for site vishal.local
[DEBUG] 2018-11-19 10:24:52,776 | /opt/bench/erpnext/apps/frappe/frappe/utils/scheduler.py:
Site: anmol.local
Access denied for site anmol.local
[DEBUG] 2018-11-19 10:24:52,865 | /opt/bench/erpnext/apps/frappe/frappe/utils/scheduler.py:
Site: vishal.local
Queued events for site vishal.local
[DEBUG] 2018-11-19 10:25:52,930 | /opt/bench/erpnext/apps/frappe/frappe/utils/scheduler.py:
Site: anmol.local
Access denied for site anmol.local
[DEBUG] 2018-11-19 10:25:52,991 | /opt/bench/erpnext/apps/frappe/frappe/utils/scheduler.py:
Site: vishal.local
Queued events for site vishal.local
[DEBUG] 2018-11-19 10:26:53,050 | /opt/bench/erpnext/apps/frappe/frappe/utils/scheduler.py:
Site: anmol.local
Access denied for site anmol.local
[DEBUG] 2018-11-19 10:26:53,166 | /opt/bench/erpnext/apps/frappe/frappe/utils/scheduler.py:
Site: vishal.local
Queued events for site vishal.local
[DEBUG] 2018-11-19 10:27:53,228 | /opt/bench/erpnext/apps/frappe/frappe/utils/scheduler.py:
Site: anmol.local
Access denied for site anmol.local
[DEBUG] 2018-11-19 10:27:53,289 | /opt/bench/erpnext/apps/frappe/frappe/utils/scheduler.py:
Site: vishal.local
Queued events for site vishal.local
[DEBUG] 2018-11-19 10:28:53,352 | /opt/bench/erpnext/apps/frappe/frappe/utils/scheduler.py:
Site: anmol.local
Access denied for site anmol.local
[DEBUG] 2018-11-19 10:28:53,431 | /opt/bench/erpnext/apps/frappe/frappe/utils/scheduler.py:
Site: vishal.local
Queued events for site vishal.local
[DEBUG] 2018-11-19 10:29:53,491 | /opt/bench/erpnext/apps/frappe/frappe/utils/scheduler.py:
Site: anmol.local
Access denied for site anmol.local
[DEBUG] 2018-11-19 10:29:53,554 | /opt/bench/erpnext/apps/frappe/frappe/utils/scheduler.py:
Site: vishal.local
Queued events for site vishal.local
[DEBUG] 2018-11-19 10:30:53,614 | /opt/bench/erpnext/apps/frappe/frappe/utils/scheduler.py:
Site: anmol.local
Access denied for site anmol.local
[DEBUG] 2018-11-19 10:30:53,682 | /opt/bench/erpnext/apps/frappe/frappe/utils/scheduler.py:
Site: vishal.local
Queued events for site vishal.local
[DEBUG] 2018-11-19 10:31:53,746 | /opt/bench/erpnext/apps/frappe/frappe/utils/scheduler.py:
Site: anmol.local
Access denied for site anmol.local
[DEBUG] 2018-11-19 10:31:53,866 | /opt/bench/erpnext/apps/frappe/frappe/utils/scheduler.py:
Site: vishal.local
Queued events for site vishal.local
[DEBUG] 2018-11-19 10:32:53,926 | /opt/bench/erpnext/apps/frappe/frappe/utils/scheduler.py:
Site: anmol.local
Access denied for site anmol.local
[DEBUG] 2018-11-19 10:32:54,019 | /opt/bench/erpnext/apps/frappe/frappe/utils/scheduler.py:
Site: vishal.local
Queued events for site vishal.local
[DEBUG] 2018-11-19 10:33:54,078 | /opt/bench/erpnext/apps/frappe/frappe/utils/scheduler.py:
Site: anmol.local
Access denied for site anmol.local
[DEBUG] 2018-11-19 10:33:54,137 | /opt/bench/erpnext/apps/frappe/frappe/utils/scheduler.py:
Site: vishal.local
Queued events for site vishal.local
[DEBUG] 2018-11-19 10:34:54,198 | /opt/bench/erpnext/apps/frappe/frappe/utils/scheduler.py:
Site: anmol.local
Access denied for site anmol.local
[DEBUG] 2018-11-19 10:34:54,255 | /opt/bench/erpnext/apps/frappe/frappe/utils/scheduler.py:
Site: vishal.local
Queued events for site vishal.local
[DEBUG] 2018-11-19 10:35:54,320 | /opt/bench/erpnext/apps/frappe/frappe/utils/scheduler.py:
Site: anmol.local
Access denied for site anmol.local
[DEBUG] 2018-11-19 10:35:54,382 | /opt/bench/erpnext/apps/frappe/frappe/utils/scheduler.py:
Site: vishal.local
Queued events for site vishal.local
[DEBUG] 2018-11-19 10:36:54,443 | /opt/bench/erpnext/apps/frappe/frappe/utils/scheduler.py:
Site: anmol.local
Access denied for site anmol.local
[DEBUG] 2018-11-19 10:36:54,527 | /opt/bench/erpnext/apps/frappe/frappe/utils/scheduler.py:
Site: vishal.local
Queued events for site vishal.local
[DEBUG] 2018-11-19 10:37:54,592 | /opt/bench/erpnext/apps/frappe/frappe/utils/scheduler.py:
Site: anmol.local
Access denied for site anmol.local
[DEBUG] 2018-11-19 10:37:54,647 | /opt/bench/erpnext/apps/frappe/frappe/utils/scheduler.py:
Site: vishal.local
Queued events for site vishal.local
[DEBUG] 2018-11-19 10:38:54,710 | /opt/bench/erpnext/apps/frappe/frappe/utils/scheduler.py:
Site: anmol.local
Access denied for site anmol.local
[DEBUG] 2018-11-19 10:38:54,784 | /opt/bench/erpnext/apps/frappe/frappe/utils/scheduler.py:
Site: vishal.local
Queued events for site vishal.local
[DEBUG] 2018-11-19 10:39:54,845 | /opt/bench/erpnext/apps/frappe/frappe/utils/scheduler.py:
Site: anmol.local
Access denied for site anmol.local
[DEBUG] 2018-11-19 10:39:54,927 | /opt/bench/erpnext/apps/frappe/frappe/utils/scheduler.py:
Site: vishal.local
Queued events for site vishal.local
[DEBUG] 2018-11-19 10:40:54,987 | /opt/bench/erpnext/apps/frappe/frappe/utils/scheduler.py:
Site: anmol.local
Access denied for site anmol.local
[DEBUG] 2018-11-19 10:40:55,103 | /opt/bench/erpnext/apps/frappe/frappe/utils/scheduler.py:
Site: vishal.local
Queued events for site vishal.local
[DEBUG] 2018-11-19 10:41:55,164 | /opt/bench/erpnext/apps/frappe/frappe/utils/scheduler.py:
Site: anmol.local
Access denied for site anmol.local
[DEBUG] 2018-11-19 10:41:55,234 | /opt/bench/erpnext/apps/frappe/frappe/utils/scheduler.py:
Site: vishal.local
Queued events for site vishal.local
[DEBUG] 2018-11-19 10:42:55,294 | /opt/bench/erpnext/apps/frappe/frappe/utils/scheduler.py:
Site: anmol.local
Access denied for site anmol.local
[DEBUG] 2018-11-19 10:42:55,353 | /opt/bench/erpnext/apps/frappe/frappe/utils/scheduler.py:
Site: vishal.local
Queued events for site vishal.local
[DEBUG] 2018-11-19 10:43:55,416 | /opt/bench/erpnext/apps/frappe/frappe/utils/scheduler.py:
Site: anmol.local
Access denied for site anmol.local
[DEBUG] 2018-11-19 10:43:55,481 | /opt/bench/erpnext/apps/frappe/frappe/utils/scheduler.py:
Site: vishal.local
Queued events for site vishal.local
[DEBUG] 2018-11-19 10:44:55,544 | /opt/bench/erpnext/apps/frappe/frappe/utils/scheduler.py:
Site: anmol.local
Access denied for site anmol.local
[DEBUG] 2018-11-19 10:44:55,635 | /opt/bench/erpnext/apps/frappe/frappe/utils/scheduler.py:
Site: vishal.local
Queued events for site vishal.local
[DEBUG] 2018-11-19 10:45:55,697 | /opt/bench/erpnext/apps/frappe/frappe/utils/scheduler.py:
Site: anmol.local
Access denied for site anmol.local
[DEBUG] 2018-11-19 10:45:55,815 | /opt/bench/erpnext/apps/frappe/frappe/utils/scheduler.py:
Site: vishal.local
Queued events for site vishal.local
[DEBUG] 2018-11-19 10:46:55,879 | /opt/bench/erpnext/apps/frappe/frappe/utils/scheduler.py:
Site: anmol.local
Access denied for site anmol.local
[DEBUG] 2018-11-19 10:46:55,944 | /opt/bench/erpnext/apps/frappe/frappe/utils/scheduler.py:
Site: vishal.local
Queued events for site vishal.local
[DEBUG] 2018-11-19 10:47:56,006 | /opt/bench/erpnext/apps/frappe/frappe/utils/scheduler.py:
Site: anmol.local
Access denied for site anmol.local
[DEBUG] 2018-11-19 10:47:56,060 | /opt/bench/erpnext/apps/frappe/frappe/utils/scheduler.py:
Site: vishal.local
Queued events for site vishal.local
[DEBUG] 2018-11-19 10:48:56,120 | /opt/bench/erpnext/apps/frappe/frappe/utils/scheduler.py:
Site: anmol.local
Access denied for site anmol.local
[DEBUG] 2018-11-19 10:48:56,231 | /opt/bench/erpnext/apps/frappe/frappe/utils/scheduler.py:
Site: vishal.local
Queued events for site vishal.local
[DEBUG] 2018-11-19 10:49:56,292 | /opt/bench/erpnext/apps/frappe/frappe/utils/scheduler.py:
Site: anmol.local
Access denied for site anmol.local
[DEBUG] 2018-11-19 10:49:56,359 | /opt/bench/erpnext/apps/frappe/frappe/utils/scheduler.py:
Site: vishal.local
Queued events for site vishal.local
[DEBUG] 2018-11-19 10:50:56,419 | /opt/bench/erpnext/apps/frappe/frappe/utils/scheduler.py:
Site: anmol.local
Access denied for site anmol.local
[DEBUG] 2018-11-19 10:50:56,475 | /opt/bench/erpnext/apps/frappe/frappe/utils/scheduler.py:
Site: vishal.local
Queued events for site vishal.local
[DEBUG] 2018-11-19 10:51:56,536 | /opt/bench/erpnext/apps/frappe/frappe/utils/scheduler.py:
Site: anmol.local
Access denied for site anmol.local
[DEBUG] 2018-11-19 10:51:56,817 | /opt/bench/erpnext/apps/frappe/frappe/utils/scheduler.py:
Site: vishal.local
Queued events for site vishal.local
[DEBUG] 2018-11-19 10:52:56,880 | /opt/bench/erpnext/apps/frappe/frappe/utils/scheduler.py:
Site: anmol.local
Access denied for site anmol.local
[DEBUG] 2018-11-19 10:52:56,957 | /opt/bench/erpnext/apps/frappe/frappe/utils/scheduler.py:
Site: vishal.local
Queued events for site vishal.local
[DEBUG] 2018-11-19 10:53:57,017 | /opt/bench/erpnext/apps/frappe/frappe/utils/scheduler.py:
Site: anmol.local
Access denied for site anmol.local
[DEBUG] 2018-11-19 10:53:57,083 | /opt/bench/erpnext/apps/frappe/frappe/utils/scheduler.py:
Site: vishal.local
Queued events for site vishal.local
[DEBUG] 2018-11-19 10:54:57,140 | /opt/bench/erpnext/apps/frappe/frappe/utils/scheduler.py:
Site: anmol.local
Access denied for site anmol.local
[DEBUG] 2018-11-19 10:54:57,217 | /opt/bench/erpnext/apps/frappe/frappe/utils/scheduler.py:
Site: vishal.local
Queued events for site vishal.local
[DEBUG] 2018-11-19 10:55:57,280 | /opt/bench/erpnext/apps/frappe/frappe/utils/scheduler.py:
Site: anmol.local
Access denied for site anmol.local
[DEBUG] 2018-11-19 10:55:57,343 | /opt/bench/erpnext/apps/frappe/frappe/utils/scheduler.py:
Site: vishal.local
Queued events for site vishal.local
[DEBUG] 2018-11-19 10:56:57,406 | /opt/bench/erpnext/apps/frappe/frappe/utils/scheduler.py:
Site: anmol.local
Access denied for site anmol.local
[DEBUG] 2018-11-19 10:56:57,573 | /opt/bench/erpnext/apps/frappe/frappe/utils/scheduler.py:
Site: vishal.local
Queued events for site vishal.local
[DEBUG] 2018-11-19 10:57:57,632 | /opt/bench/erpnext/apps/frappe/frappe/utils/scheduler.py:
Site: anmol.local
Access denied for site anmol.local
[DEBUG] 2018-11-19 10:57:57,894 | /opt/bench/erpnext/apps/frappe/frappe/utils/scheduler.py:
Site: vishal.local
Queued events for site vishal.local
[DEBUG] 2018-11-19 10:58:57,959 | /opt/bench/erpnext/apps/frappe/frappe/utils/scheduler.py:
Site: anmol.local
Access denied for site anmol.local
[DEBUG] 2018-11-19 10:58:58,026 | /opt/bench/erpnext/apps/frappe/frappe/utils/scheduler.py:
Site: vishal.local
Queued events for site vishal.local
[DEBUG] 2018-11-19 10:59:58,089 | /opt/bench/erpnext/apps/frappe/frappe/utils/scheduler.py:
Site: anmol.local
Access denied for site anmol.local
[DEBUG] 2018-11-19 10:59:58,193 | /opt/bench/erpnext/apps/frappe/frappe/utils/scheduler.py:
Site: vishal.local
Queued events for site vishal.local
[DEBUG] 2018-11-19 11:00:58,255 | /opt/bench/erpnext/apps/frappe/frappe/utils/scheduler.py:
Site: anmol.local
Access denied for site anmol.local
[DEBUG] 2018-11-19 11:00:58,361 | /opt/bench/erpnext/apps/frappe/frappe/utils/scheduler.py:
Site: vishal.local
Queued events for site vishal.local
[DEBUG] 2018-11-19 11:01:58,424 | /opt/bench/erpnext/apps/frappe/frappe/utils/scheduler.py:
Site: anmol.local
Access denied for site anmol.local
[DEBUG] 2018-11-19 11:01:58,530 | /opt/bench/erpnext/apps/frappe/frappe/utils/scheduler.py:
Site: vishal.local
Queued events for site vishal.local
[DEBUG] 2018-11-19 11:02:58,590 | /opt/bench/erpnext/apps/frappe/frappe/utils/scheduler.py:
Site: anmol.local
Access denied for site anmol.local
[DEBUG] 2018-11-19 11:02:58,763 | /opt/bench/erpnext/apps/frappe/frappe/utils/scheduler.py:
Site: vishal.local
Queued events for site vishal.local
[DEBUG] 2018-11-19 11:03:58,828 | /opt/bench/erpnext/apps/frappe/frappe/utils/scheduler.py:
Site: anmol.local
Access denied for site anmol.local
[DEBUG] 2018-11-19 11:03:58,889 | /opt/bench/erpnext/apps/frappe/frappe/utils/scheduler.py:
Site: vishal.local
Queued events for site vishal.local
[DEBUG] 2018-11-19 11:04:58,946 | /opt/bench/erpnext/apps/frappe/frappe/utils/scheduler.py:
Site: anmol.local
Access denied for site anmol.local
[DEBUG] 2018-11-19 11:04:59,051 | /opt/bench/erpnext/apps/frappe/frappe/utils/scheduler.py:
Site: vishal.local
Queued events for site vishal.local
[DEBUG] 2018-11-19 11:05:59,112 | /opt/bench/erpnext/apps/frappe/frappe/utils/scheduler.py:
Site: anmol.local
Access denied for site anmol.local
[DEBUG] 2018-11-19 11:05:59,172 | /opt/bench/erpnext/apps/frappe/frappe/utils/scheduler.py:
Site: vishal.local
Queued events for site vishal.local
[DEBUG] 2018-11-19 11:06:59,231 | /opt/bench/erpnext/apps/frappe/frappe/utils/scheduler.py:
Site: anmol.local
Access denied for site anmol.local
[DEBUG] 2018-11-19 11:06:59,291 | /opt/bench/erpnext/apps/frappe/frappe/utils/scheduler.py:
Site: vishal.local
Queued events for site vishal.local
[DEBUG] 2018-11-19 11:07:59,351 | /opt/bench/erpnext/apps/frappe/frappe/utils/scheduler.py:
Site: anmol.local
Access denied for site anmol.local
[DEBUG] 2018-11-19 11:07:59,408 | /opt/bench/erpnext/apps/frappe/frappe/utils/scheduler.py:
Site: vishal.local
Queued events for site vishal.local
[DEBUG] 2018-11-19 11:08:59,468 | /opt/bench/erpnext/apps/frappe/frappe/utils/scheduler.py:
Site: anmol.local
Access denied for site anmol.local
[DEBUG] 2018-11-19 11:08:59,631 | /opt/bench/erpnext/apps/frappe/frappe/utils/scheduler.py:
Site: vishal.local
Queued events for site vishal.local
[DEBUG] 2018-11-19 11:09:59,694 | /opt/bench/erpnext/apps/frappe/frappe/utils/scheduler.py:
Site: anmol.local
Access denied for site anmol.local
[DEBUG] 2018-11-19 11:09:59,752 | /opt/bench/erpnext/apps/frappe/frappe/utils/scheduler.py:
Site: vishal.local
Queued events for site vishal.local
[DEBUG] 2018-11-19 11:10:59,814 | /opt/bench/erpnext/apps/frappe/frappe/utils/scheduler.py:
Site: anmol.local
Access denied for site anmol.local
[DEBUG] 2018-11-19 11:10:59,867 | /opt/bench/erpnext/apps/frappe/frappe/utils/scheduler.py:
Site: vishal.local
Queued events for site vishal.local
[DEBUG] 2018-11-19 11:11:59,927 | /opt/bench/erpnext/apps/frappe/frappe/utils/scheduler.py:
Site: anmol.local
Access denied for site anmol.local
[DEBUG] 2018-11-19 11:11:59,990 | /opt/bench/erpnext/apps/frappe/frappe/utils/scheduler.py:
Site: vishal.local
Queued events for site vishal.local
[DEBUG] 2018-11-19 11:13:00,050 | /opt/bench/erpnext/apps/frappe/frappe/utils/scheduler.py:
Site: anmol.local
Access denied for site anmol.local
[DEBUG] 2018-11-19 11:13:00,186 | /opt/bench/erpnext/apps/frappe/frappe/utils/scheduler.py:
Site: vishal.local
Queued events for site vishal.local
[DEBUG] 2018-11-19 11:14:00,249 | /opt/bench/erpnext/apps/frappe/frappe/utils/scheduler.py:
Site: anmol.local
Access denied for site anmol.local
[DEBUG] 2018-11-19 11:14:00,331 | /opt/bench/erpnext/apps/frappe/frappe/utils/scheduler.py:
Site: vishal.local
Queued events for site vishal.local
[DEBUG] 2018-11-19 11:15:00,392 | /opt/bench/erpnext/apps/frappe/frappe/utils/scheduler.py:
Site: anmol.local
Access denied for site anmol.local
[DEBUG] 2018-11-19 11:15:00,467 | /opt/bench/erpnext/apps/frappe/frappe/utils/scheduler.py:
Site: vishal.local
Queued events for site vishal.local
[DEBUG] 2018-11-19 11:16:00,524 | /opt/bench/erpnext/apps/frappe/frappe/utils/scheduler.py:
Site: anmol.local
Access denied for site anmol.local
[DEBUG] 2018-11-19 11:16:00,623 | /opt/bench/erpnext/apps/frappe/frappe/utils/scheduler.py:
Site: vishal.local
Queued events for site vishal.local
[DEBUG] 2018-11-19 11:17:00,683 | /opt/bench/erpnext/apps/frappe/frappe/utils/scheduler.py:
Site: anmol.local
Access denied for site anmol.local
[DEBUG] 2018-11-19 11:17:00,809 | /opt/bench/erpnext/apps/frappe/frappe/utils/scheduler.py:
Site: vishal.local
Queued events for site vishal.local
[DEBUG] 2018-11-19 11:18:00,863 | /opt/bench/erpnext/apps/frappe/frappe/utils/scheduler.py:
Site: anmol.local
Access denied for site anmol.local
[DEBUG] 2018-11-19 11:18:00,929 | /opt/bench/erpnext/apps/frappe/frappe/utils/scheduler.py:
Site: vishal.local
Queued events for site vishal.local
[DEBUG] 2018-11-19 11:19:00,990 | /opt/bench/erpnext/apps/frappe/frappe/utils/scheduler.py:
Site: anmol.local
Access denied for site anmol.local
[DEBUG] 2018-11-19 11:19:01,120 | /opt/bench/erpnext/apps/frappe/frappe/utils/scheduler.py:
Site: vishal.local
Queued events for site vishal.local
[DEBUG] 2018-11-19 11:20:01,181 | /opt/bench/erpnext/apps/frappe/frappe/utils/scheduler.py:
Site: anmol.local
Access denied for site anmol.local
[DEBUG] 2018-11-19 11:20:01,302 | /opt/bench/erpnext/apps/frappe/frappe/utils/scheduler.py:
Site: vishal.local
Queued events for site vishal.local
[DEBUG] 2018-11-19 11:21:01,362 | /opt/bench/erpnext/apps/frappe/frappe/utils/scheduler.py:
Site: anmol.local
Access denied for site anmol.local
[DEBUG] 2018-11-19 11:21:01,418 | /opt/bench/erpnext/apps/frappe/frappe/utils/scheduler.py:
Site: vishal.local
Queued events for site vishal.local
[DEBUG] 2018-11-19 11:22:01,477 | /opt/bench/erpnext/apps/frappe/frappe/utils/scheduler.py:
Site: anmol.local
Access denied for site anmol.local
[DEBUG] 2018-11-19 11:22:01,549 | /opt/bench/erpnext/apps/frappe/frappe/utils/scheduler.py:
Site: vishal.local
Queued events for site vishal.local
[DEBUG] 2018-11-19 11:23:01,604 | /opt/bench/erpnext/apps/frappe/frappe/utils/scheduler.py:
Site: anmol.local
Access denied for site anmol.local
[DEBUG] 2018-11-19 11:23:01,663 | /opt/bench/erpnext/apps/frappe/frappe/utils/scheduler.py:
Site: vishal.local
Queued events for site vishal.local
[DEBUG] 2018-11-19 11:24:01,720 | /opt/bench/erpnext/apps/frappe/frappe/utils/scheduler.py:
Site: anmol.local
Access denied for site anmol.local
[DEBUG] 2018-11-19 11:24:01,810 | /opt/bench/erpnext/apps/frappe/frappe/utils/scheduler.py:
Site: vishal.local
Queued events for site vishal.local
[DEBUG] 2018-11-19 11:25:01,871 | /opt/bench/erpnext/apps/frappe/frappe/utils/scheduler.py:
Site: anmol.local
Access denied for site anmol.local
[DEBUG] 2018-11-19 11:25:01,936 | /opt/bench/erpnext/apps/frappe/frappe/utils/scheduler.py:
Site: vishal.local
Queued events for site vishal.local
[DEBUG] 2018-11-19 11:26:01,998 | /opt/bench/erpnext/apps/frappe/frappe/utils/scheduler.py:
Site: anmol.local
Access denied for site anmol.local
[DEBUG] 2018-11-19 11:26:02,102 | /opt/bench/erpnext/apps/frappe/frappe/utils/scheduler.py:
Site: vishal.local
Queued events for site vishal.local
[DEBUG] 2018-11-19 11:27:02,161 | /opt/bench/erpnext/apps/frappe/frappe/utils/scheduler.py:
Site: anmol.local
Access denied for site anmol.local
[DEBUG] 2018-11-19 11:27:02,223 | /opt/bench/erpnext/apps/frappe/frappe/utils/scheduler.py:
Site: vishal.local
Queued events for site vishal.local
[DEBUG] 2018-11-19 11:28:02,281 | /opt/bench/erpnext/apps/frappe/frappe/utils/scheduler.py:
Site: anmol.local
Access denied for site anmol.local
[DEBUG] 2018-11-19 11:28:02,376 | /opt/bench/erpnext/apps/frappe/frappe/utils/scheduler.py:
Site: vishal.local
Queued events for site vishal.local
[DEBUG] 2018-11-19 11:29:02,438 | /opt/bench/erpnext/apps/frappe/frappe/utils/scheduler.py:
Site: anmol.local
Access denied for site anmol.local
[DEBUG] 2018-11-19 11:29:02,498 | /opt/bench/erpnext/apps/frappe/frappe/utils/scheduler.py:
Site: vishal.local
Queued events for site vishal.local
[DEBUG] 2018-11-19 11:30:02,560 | /opt/bench/erpnext/apps/frappe/frappe/utils/scheduler.py:
Site: anmol.local
Access denied for site anmol.local
[DEBUG] 2018-11-19 11:30:02,627 | /opt/bench/erpnext/apps/frappe/frappe/utils/scheduler.py:
Site: vishal.local
Queued events for site vishal.local
[DEBUG] 2018-11-19 11:31:02,686 | /opt/bench/erpnext/apps/frappe/frappe/utils/scheduler.py:
Site: anmol.local
Access denied for site anmol.local
[DEBUG] 2018-11-19 11:31:02,743 | /opt/bench/erpnext/apps/frappe/frappe/utils/scheduler.py:
Site: vishal.local
Queued events for site vishal.local
[DEBUG] 2018-11-19 11:32:02,808 | /opt/bench/erpnext/apps/frappe/frappe/utils/scheduler.py:
Site: anmol.local
Access denied for site anmol.local
[DEBUG] 2018-11-19 11:32:02,909 | /opt/bench/erpnext/apps/frappe/frappe/utils/scheduler.py:
Site: vishal.local
Queued events for site vishal.local
[DEBUG] 2018-11-19 11:33:02,972 | /opt/bench/erpnext/apps/frappe/frappe/utils/scheduler.py:
Site: anmol.local
Access denied for site anmol.local
[DEBUG] 2018-11-19 11:33:03,034 | /opt/bench/erpnext/apps/frappe/frappe/utils/scheduler.py:
Site: vishal.local
Queued events for site vishal.local
[DEBUG] 2018-11-19 11:34:03,096 | /opt/bench/erpnext/apps/frappe/frappe/utils/scheduler.py:
Site: anmol.local
Access denied for site anmol.local
[DEBUG] 2018-11-19 11:34:03,163 | /opt/bench/erpnext/apps/frappe/frappe/utils/scheduler.py:
Site: vishal.local
Queued events for site vishal.local
[DEBUG] 2018-11-19 11:35:03,225 | /opt/bench/erpnext/apps/frappe/frappe/utils/scheduler.py:
Site: anmol.local
Access denied for site anmol.local
[DEBUG] 2018-11-19 11:35:03,279 | /opt/bench/erpnext/apps/frappe/frappe/utils/scheduler.py:
Site: vishal.local
Queued events for site vishal.local
[DEBUG] 2018-11-19 11:36:03,340 | /opt/bench/erpnext/apps/frappe/frappe/utils/scheduler.py:
Site: anmol.local
Access denied for site anmol.local
[DEBUG] 2018-11-19 11:36:03,441 | /opt/bench/erpnext/apps/frappe/frappe/utils/scheduler.py:
Site: vishal.local
Queued events for site vishal.local
[DEBUG] 2018-11-19 11:37:03,502 | /opt/bench/erpnext/apps/frappe/frappe/utils/scheduler.py:
Site: anmol.local
Access denied for site anmol.local
[DEBUG] 2018-11-19 11:37:03,559 | /opt/bench/erpnext/apps/frappe/frappe/utils/scheduler.py:
Site: vishal.local
Queued events for site vishal.local
[DEBUG] 2018-11-19 11:38:03,623 | /opt/bench/erpnext/apps/frappe/frappe/utils/scheduler.py:
Site: anmol.local
Access denied for site anmol.local
[DEBUG] 2018-11-19 11:38:03,689 | /opt/bench/erpnext/apps/frappe/frappe/utils/scheduler.py:
Site: vishal.local
Queued events for site vishal.local
[DEBUG] 2018-11-19 11:39:03,748 | /opt/bench/erpnext/apps/frappe/frappe/utils/scheduler.py:
Site: anmol.local
Access denied for site anmol.local
[DEBUG] 2018-11-19 11:39:03,815 | /opt/bench/erpnext/apps/frappe/frappe/utils/scheduler.py:
Site: vishal.local
Queued events for site vishal.local
[DEBUG] 2018-11-19 11:40:03,878 | /opt/bench/erpnext/apps/frappe/frappe/utils/scheduler.py:
Site: anmol.local
Access denied for site anmol.local
[DEBUG] 2018-11-19 11:40:03,965 | /opt/bench/erpnext/apps/frappe/frappe/utils/scheduler.py:
Site: vishal.local
Queued events for site vishal.local
[DEBUG] 2018-11-19 11:41:04,030 | /opt/bench/erpnext/apps/frappe/frappe/utils/scheduler.py:
Site: anmol.local
Access denied for site anmol.local
[DEBUG] 2018-11-19 11:41:04,083 | /opt/bench/erpnext/apps/frappe/frappe/utils/scheduler.py:
Site: vishal.local
Queued events for site vishal.local
[DEBUG] 2018-11-19 11:42:04,144 | /opt/bench/erpnext/apps/frappe/frappe/utils/scheduler.py:
Site: anmol.local
Access denied for site anmol.local
[DEBUG] 2018-11-19 11:42:04,211 | /opt/bench/erpnext/apps/frappe/frappe/utils/scheduler.py:
Site: vishal.local
Queued events for site vishal.local
[DEBUG] 2018-11-19 11:43:04,273 | /opt/bench/erpnext/apps/frappe/frappe/utils/scheduler.py:
Site: anmol.local
Access denied for site anmol.local
[DEBUG] 2018-11-19 11:43:04,339 | /opt/bench/erpnext/apps/frappe/frappe/utils/scheduler.py:
Site: vishal.local
Queued events for site vishal.local
[DEBUG] 2018-11-19 11:44:04,396 | /opt/bench/erpnext/apps/frappe/frappe/utils/scheduler.py:
Site: anmol.local
Access denied for site anmol.local
[DEBUG] 2018-11-19 11:44:04,486 | /opt/bench/erpnext/apps/frappe/frappe/utils/scheduler.py:
Site: vishal.local
Queued events for site vishal.local
[DEBUG] 2018-11-19 11:45:04,546 | /opt/bench/erpnext/apps/frappe/frappe/utils/scheduler.py:
Site: anmol.local
Access denied for site anmol.local
[DEBUG] 2018-11-19 11:45:04,619 | /opt/bench/erpnext/apps/frappe/frappe/utils/scheduler.py:
Site: vishal.local
Queued events for site vishal.local
[DEBUG] 2018-11-19 11:46:04,679 | /opt/bench/erpnext/apps/frappe/frappe/utils/scheduler.py:
Site: anmol.local
Access denied for site anmol.local
[DEBUG] 2018-11-19 11:46:04,746 | /opt/bench/erpnext/apps/frappe/frappe/utils/scheduler.py:
Site: vishal.local
Queued events for site vishal.local
[DEBUG] 2018-11-19 11:47:04,813 | /opt/bench/erpnext/apps/frappe/frappe/utils/scheduler.py:
Site: anmol.local
Access denied for site anmol.local
[DEBUG] 2018-11-19 11:47:04,884 | /opt/bench/erpnext/apps/frappe/frappe/utils/scheduler.py:
Site: vishal.local
Queued events for site vishal.local
[DEBUG] 2018-11-19 11:48:04,950 | /opt/bench/erpnext/apps/frappe/frappe/utils/scheduler.py:
Site: anmol.local
Access denied for site anmol.local
[DEBUG] 2018-11-19 11:48:05,040 | /opt/bench/erpnext/apps/frappe/frappe/utils/scheduler.py:
Site: vishal.local
Queued events for site vishal.local
[DEBUG] 2018-11-19 11:49:05,105 | /opt/bench/erpnext/apps/frappe/frappe/utils/scheduler.py:
Site: anmol.local
Access denied for site anmol.local
[DEBUG] 2018-11-19 11:49:05,168 | /opt/bench/erpnext/apps/frappe/frappe/utils/scheduler.py:
Site: vishal.local
Queued events for site vishal.local
[DEBUG] 2018-11-19 11:50:05,230 | /opt/bench/erpnext/apps/frappe/frappe/utils/scheduler.py:
Site: anmol.local
Access denied for site anmol.local
[DEBUG] 2018-11-19 11:50:05,298 | /opt/bench/erpnext/apps/frappe/frappe/utils/scheduler.py:
Site: vishal.local
Queued events for site vishal.local
[DEBUG] 2018-11-19 11:51:05,360 | /opt/bench/erpnext/apps/frappe/frappe/utils/scheduler.py:
Site: anmol.local
Access denied for site anmol.local
[DEBUG] 2018-11-19 11:51:05,427 | /opt/bench/erpnext/apps/frappe/frappe/utils/scheduler.py:
Site: vishal.local
Queued events for site vishal.local
[DEBUG] 2018-11-19 11:52:05,490 | /opt/bench/erpnext/apps/frappe/frappe/utils/scheduler.py:
Site: anmol.local
Access denied for site anmol.local
[DEBUG] 2018-11-19 11:52:05,588 | /opt/bench/erpnext/apps/frappe/frappe/utils/scheduler.py:
Site: vishal.local
Queued events for site vishal.local
[DEBUG] 2018-11-19 11:53:05,650 | /opt/bench/erpnext/apps/frappe/frappe/utils/scheduler.py:
Site: anmol.local
Access denied for site anmol.local
[DEBUG] 2018-11-19 11:53:05,730 | /opt/bench/erpnext/apps/frappe/frappe/utils/scheduler.py:
Site: vishal.local
Queued events for site vishal.local
[DEBUG] 2018-11-19 11:54:05,793 | /opt/bench/erpnext/apps/frappe/frappe/utils/scheduler.py:
Site: anmol.local
Access denied for site anmol.local
[DEBUG] 2018-11-19 11:54:05,857 | /opt/bench/erpnext/apps/frappe/frappe/utils/scheduler.py:
Site: vishal.local
Queued events for site vishal.local
[DEBUG] 2018-11-19 11:55:05,924 | /opt/bench/erpnext/apps/frappe/frappe/utils/scheduler.py:
Site: anmol.local
Access denied for site anmol.local
[DEBUG] 2018-11-19 11:55:05,984 | /opt/bench/erpnext/apps/frappe/frappe/utils/scheduler.py:
Site: vishal.local
Queued events for site vishal.local
[DEBUG] 2018-11-19 11:56:06,051 | /opt/bench/erpnext/apps/frappe/frappe/utils/scheduler.py:
Site: anmol.local
Access denied for site anmol.local
[DEBUG] 2018-11-19 11:56:06,224 | /opt/bench/erpnext/apps/frappe/frappe/utils/scheduler.py:
Site: vishal.local
Queued events for site vishal.local
[DEBUG] 2018-11-19 11:57:06,289 | /opt/bench/erpnext/apps/frappe/frappe/utils/scheduler.py:
Site: anmol.local
Access denied for site anmol.local
[DEBUG] 2018-11-19 11:57:06,351 | /opt/bench/erpnext/apps/frappe/frappe/utils/scheduler.py:
Site: vishal.local
Queued events for site vishal.local
[DEBUG] 2018-11-19 11:58:06,415 | /opt/bench/erpnext/apps/frappe/frappe/utils/scheduler.py:
Site: anmol.local
Access denied for site anmol.local
[DEBUG] 2018-11-19 11:58:06,532 | /opt/bench/erpnext/apps/frappe/frappe/utils/scheduler.py:
Site: vishal.local
Queued events for site vishal.local
[DEBUG] 2018-11-19 11:59:06,591 | /opt/bench/erpnext/apps/frappe/frappe/utils/scheduler.py:
Site: anmol.local
Access denied for site anmol.local
[DEBUG] 2018-11-19 11:59:06,796 | /opt/bench/erpnext/apps/frappe/frappe/utils/scheduler.py:
Site: vishal.local
Queued events for site vishal.local
[DEBUG] 2018-11-19 12:00:06,862 | /opt/bench/erpnext/apps/frappe/frappe/utils/scheduler.py:
Site: anmol.local
Access denied for site anmol.local
[DEBUG] 2018-11-19 12:00:06,977 | /opt/bench/erpnext/apps/frappe/frappe/utils/scheduler.py:
Site: vishal.local
Queued events for site vishal.local
[DEBUG] 2018-11-19 12:01:07,038 | /opt/bench/erpnext/apps/frappe/frappe/utils/scheduler.py:
Site: anmol.local
Access denied for site anmol.local
[DEBUG] 2018-11-19 12:01:07,095 | /opt/bench/erpnext/apps/frappe/frappe/utils/scheduler.py:
Site: vishal.local
Queued events for site vishal.local
[DEBUG] 2018-11-19 12:02:07,163 | /opt/bench/erpnext/apps/frappe/frappe/utils/scheduler.py:
Site: anmol.local
Access denied for site anmol.local
[DEBUG] 2018-11-19 12:02:07,232 | /opt/bench/erpnext/apps/frappe/frappe/utils/scheduler.py:
Site: vishal.local
Queued events for site vishal.local
[DEBUG] 2018-11-19 12:03:07,299 | /opt/bench/erpnext/apps/frappe/frappe/utils/scheduler.py:
Site: anmol.local
Access denied for site anmol.local
[DEBUG] 2018-11-19 12:03:07,353 | /opt/bench/erpnext/apps/frappe/frappe/utils/scheduler.py:
Site: vishal.local
Queued events for site vishal.local
[DEBUG] 2018-11-19 12:04:07,417 | /opt/bench/erpnext/apps/frappe/frappe/utils/scheduler.py:
Site: anmol.local
Access denied for site anmol.local
[DEBUG] 2018-11-19 12:04:07,532 | /opt/bench/erpnext/apps/frappe/frappe/utils/scheduler.py:
Site: vishal.local
Queued events for site vishal.local
[DEBUG] 2018-11-19 12:05:07,599 | /opt/bench/erpnext/apps/frappe/frappe/utils/scheduler.py:
Site: anmol.local
Access denied for site anmol.local
[DEBUG] 2018-11-19 12:05:07,657 | /opt/bench/erpnext/apps/frappe/frappe/utils/scheduler.py:
Site: vishal.local
Queued events for site vishal.local
[DEBUG] 2018-11-19 12:06:07,723 | /opt/bench/erpnext/apps/frappe/frappe/utils/scheduler.py:
Site: anmol.local
Access denied for site anmol.local
[DEBUG] 2018-11-19 12:06:07,788 | /opt/bench/erpnext/apps/frappe/frappe/utils/scheduler.py:
Site: vishal.local
Queued events for site vishal.local
[DEBUG] 2018-11-19 12:07:07,852 | /opt/bench/erpnext/apps/frappe/frappe/utils/scheduler.py:
Site: anmol.local
Access denied for site anmol.local
[DEBUG] 2018-11-19 12:07:07,912 | /opt/bench/erpnext/apps/frappe/frappe/utils/scheduler.py:
Site: vishal.local
Queued events for site vishal.local
[DEBUG] 2018-11-19 12:08:07,973 | /opt/bench/erpnext/apps/frappe/frappe/utils/scheduler.py:
Site: anmol.local
Access denied for site anmol.local
[DEBUG] 2018-11-19 12:08:08,053 | /opt/bench/erpnext/apps/frappe/frappe/utils/scheduler.py:
Site: vishal.local
Queued events for site vishal.local
[DEBUG] 2018-11-19 12:09:08,118 | /opt/bench/erpnext/apps/frappe/frappe/utils/scheduler.py:
Site: anmol.local
Access denied for site anmol.local
[DEBUG] 2018-11-19 12:09:08,181 | /opt/bench/erpnext/apps/frappe/frappe/utils/scheduler.py:
Site: vishal.local
Queued events for site vishal.local
[DEBUG] 2018-11-19 12:10:08,244 | /opt/bench/erpnext/apps/frappe/frappe/utils/scheduler.py:
Site: anmol.local
Access denied for site anmol.local
[DEBUG] 2018-11-19 12:10:08,301 | /opt/bench/erpnext/apps/frappe/frappe/utils/scheduler.py:
Site: vishal.local
Queued events for site vishal.local
[DEBUG] 2018-11-19 12:11:08,361 | /opt/bench/erpnext/apps/frappe/frappe/utils/scheduler.py:
Site: anmol.local
Access denied for site anmol.local
[DEBUG] 2018-11-19 12:11:08,429 | /opt/bench/erpnext/apps/frappe/frappe/utils/scheduler.py:
Site: vishal.local
Queued events for site vishal.local
[DEBUG] 2018-11-19 12:12:08,492 | /opt/bench/erpnext/apps/frappe/frappe/utils/scheduler.py:
Site: anmol.local
Access denied for site anmol.local
[DEBUG] 2018-11-19 12:12:08,570 | /opt/bench/erpnext/apps/frappe/frappe/utils/scheduler.py:
Site: vishal.local
Queued events for site vishal.local
[DEBUG] 2018-11-19 12:13:08,633 | /opt/bench/erpnext/apps/frappe/frappe/utils/scheduler.py:
Site: anmol.local
Access denied for site anmol.local
[DEBUG] 2018-11-19 12:13:08,753 | /opt/bench/erpnext/apps/frappe/frappe/utils/scheduler.py:
Site: vishal.local
Queued events for site vishal.local
[DEBUG] 2018-11-19 12:14:08,815 | /opt/bench/erpnext/apps/frappe/frappe/utils/scheduler.py:
Site: anmol.local
Access denied for site anmol.local
[DEBUG] 2018-11-19 12:14:08,870 | /opt/bench/erpnext/apps/frappe/frappe/utils/scheduler.py:
Site: vishal.local
Queued events for site vishal.local
[DEBUG] 2018-11-19 12:15:08,933 | /opt/bench/erpnext/apps/frappe/frappe/utils/scheduler.py:
Site: anmol.local
Access denied for site anmol.local
[DEBUG] 2018-11-19 12:15:08,998 | /opt/bench/erpnext/apps/frappe/frappe/utils/scheduler.py:
Site: vishal.local
Queued events for site vishal.local
[DEBUG] 2018-11-19 12:16:09,061 | /opt/bench/erpnext/apps/frappe/frappe/utils/scheduler.py:
Site: anmol.local
Access denied for site anmol.local
[DEBUG] 2018-11-19 12:16:09,137 | /opt/bench/erpnext/apps/frappe/frappe/utils/scheduler.py:
Site: vishal.local
Queued events for site vishal.local
[DEBUG] 2018-11-19 12:17:09,199 | /opt/bench/erpnext/apps/frappe/frappe/utils/scheduler.py:
Site: anmol.local
Access denied for site anmol.local
[DEBUG] 2018-11-19 12:17:09,258 | /opt/bench/erpnext/apps/frappe/frappe/utils/scheduler.py:
Site: vishal.local
Queued events for site vishal.local
[DEBUG] 2018-11-19 12:18:09,316 | /opt/bench/erpnext/apps/frappe/frappe/utils/scheduler.py:
Site: anmol.local
Access denied for site anmol.local
[DEBUG] 2018-11-19 12:18:09,436 | /opt/bench/erpnext/apps/frappe/frappe/utils/scheduler.py:
Site: vishal.local
Queued events for site vishal.local
[DEBUG] 2018-11-19 12:19:09,496 | /opt/bench/erpnext/apps/frappe/frappe/utils/scheduler.py:
Site: anmol.local
Access denied for site anmol.local
[DEBUG] 2018-11-19 12:19:09,570 | /opt/bench/erpnext/apps/frappe/frappe/utils/scheduler.py:
Site: vishal.local
Queued events for site vishal.local
